{"D:\\EMS\\src\\services\\socketService.ts": {"path":"D:\\EMS\\src\\services\\socketService.ts","statementMap":{"0":{"start":{"line":57,"column":0},"end":{"line":57,"column":16}},"1":{"start":{"line":141,"column":0},"end":{"line":141,"column":16}},"2":{"start":{"line":151,"column":0},"end":{"line":151,"column":16}},"3":{"start":{"line":268,"column":0},"end":{"line":268,"column":16}},"4":{"start":{"line":324,"column":0},"end":{"line":324,"column":16}},"5":{"start":{"line":336,"column":0},"end":{"line":336,"column":16}},"6":{"start":{"line":350,"column":0},"end":{"line":350,"column":16}},"7":{"start":{"line":363,"column":0},"end":{"line":363,"column":16}},"8":{"start":{"line":10,"column":0},"end":{"line":10,"column":46}},"9":{"start":{"line":34,"column":20},"end":{"line":34,"column":21}},"10":{"start":{"line":35,"column":25},"end":{"line":35,"column":29}},"11":{"start":{"line":36,"column":20},"end":{"line":36,"column":24}},"12":{"start":{"line":37,"column":26},"end":{"line":37,"column":31}},"13":{"start":{"line":43,"column":28},"end":{"line":43,"column":32}},"14":{"start":{"line":44,"column":22},"end":{"line":44,"column":27}},"15":{"start":{"line":45,"column":46},"end":{"line":45,"column":50}},"16":{"start":{"line":51,"column":4},"end":{"line":51,"column":48}},"17":{"start":{"line":58,"column":4},"end":{"line":60,"column":5}},"18":{"start":{"line":59,"column":8},"end":{"line":59,"column":22}},"19":{"start":{"line":62,"column":18},"end":{"line":62,"column":28}},"20":{"start":{"line":63,"column":4},"end":{"line":65,"column":5}},"21":{"start":{"line":64,"column":8},"end":{"line":64,"column":57}},"22":{"start":{"line":67,"column":4},"end":{"line":78,"column":7}},"23":{"start":{"line":81,"column":4},"end":{"line":93,"column":7}},"24":{"start":{"line":82,"column":8},"end":{"line":82,"column":45}},"25":{"start":{"line":83,"column":8},"end":{"line":83,"column":31}},"26":{"start":{"line":86,"column":8},"end":{"line":89,"column":9}},"27":{"start":{"line":87,"column":12},"end":{"line":87,"column":44}},"28":{"start":{"line":88,"column":12},"end":{"line":88,"column":36}},"29":{"start":{"line":92,"column":8},"end":{"line":92,"column":23}},"30":{"start":{"line":95,"column":4},"end":{"line":106,"column":7}},"31":{"start":{"line":96,"column":8},"end":{"line":96,"column":59}},"32":{"start":{"line":97,"column":8},"end":{"line":97,"column":32}},"33":{"start":{"line":99,"column":8},"end":{"line":102,"column":9}},"34":{"start":{"line":101,"column":12},"end":{"line":101,"column":30}},"35":{"start":{"line":105,"column":8},"end":{"line":105,"column":31}},"36":{"start":{"line":108,"column":4},"end":{"line":114,"column":7}},"37":{"start":{"line":109,"column":8},"end":{"line":109,"column":69}},"38":{"start":{"line":110,"column":8},"end":{"line":110,"column":31}},"39":{"start":{"line":113,"column":8},"end":{"line":113,"column":23}},"40":{"start":{"line":116,"column":4},"end":{"line":118,"column":7}},"41":{"start":{"line":117,"column":8},"end":{"line":117,"column":67}},"42":{"start":{"line":120,"column":4},"end":{"line":122,"column":7}},"43":{"start":{"line":121,"column":8},"end":{"line":121,"column":54}},"44":{"start":{"line":124,"column":4},"end":{"line":129,"column":7}},"45":{"start":{"line":125,"column":8},"end":{"line":125,"column":66}},"46":{"start":{"line":128,"column":8},"end":{"line":128,"column":76}},"47":{"start":{"line":131,"column":4},"end":{"line":133,"column":7}},"48":{"start":{"line":132,"column":8},"end":{"line":132,"column":51}},"49":{"start":{"line":135,"column":4},"end":{"line":135,"column":18}},"50":{"start":{"line":142,"column":4},"end":{"line":144,"column":5}},"51":{"start":{"line":143,"column":8},"end":{"line":143,"column":34}},"52":{"start":{"line":145,"column":4},"end":{"line":145,"column":18}},"53":{"start":{"line":152,"column":4},"end":{"line":156,"column":5}},"54":{"start":{"line":153,"column":8},"end":{"line":153,"column":28}},"55":{"start":{"line":154,"column":8},"end":{"line":154,"column":22}},"56":{"start":{"line":155,"column":8},"end":{"line":155,"column":32}},"57":{"start":{"line":158,"column":4},"end":{"line":161,"column":5}},"58":{"start":{"line":159,"column":8},"end":{"line":159,"column":40}},"59":{"start":{"line":160,"column":8},"end":{"line":160,"column":32}},"60":{"start":{"line":168,"column":38},"end":{"line":168,"column":40}},"61":{"start":{"line":169,"column":17},"end":{"line":169,"column":22}},"62":{"start":{"line":175,"column":4},"end":{"line":179,"column":7}},"63":{"start":{"line":181,"column":4},"end":{"line":181,"column":19}},"64":{"start":{"line":188,"column":4},"end":{"line":190,"column":5}},"65":{"start":{"line":189,"column":8},"end":{"line":189,"column":15}},"66":{"start":{"line":192,"column":4},"end":{"line":192,"column":22}},"67":{"start":{"line":194,"column":4},"end":{"line":221,"column":5}},"68":{"start":{"line":195,"column":24},"end":{"line":195,"column":39}},"69":{"start":{"line":197,"column":8},"end":{"line":220,"column":9}},"70":{"start":{"line":198,"column":12},"end":{"line":198,"column":59}},"71":{"start":{"line":200,"column":12},"end":{"line":200,"column":33}},"72":{"start":{"line":202,"column":12},"end":{"line":202,"column":61}},"73":{"start":{"line":204,"column":12},"end":{"line":204,"column":30}},"74":{"start":{"line":206,"column":12},"end":{"line":219,"column":13}},"75":{"start":{"line":207,"column":16},"end":{"line":207,"column":74}},"76":{"start":{"line":208,"column":16},"end":{"line":215,"column":17}},"77":{"start":{"line":209,"column":20},"end":{"line":209,"column":55}},"78":{"start":{"line":210,"column":20},"end":{"line":210,"column":41}},"79":{"start":{"line":212,"column":20},"end":{"line":212,"column":75}},"80":{"start":{"line":214,"column":20},"end":{"line":214,"column":26}},"81":{"start":{"line":218,"column":16},"end":{"line":218,"column":81}},"82":{"start":{"line":223,"column":4},"end":{"line":223,"column":23}},"83":{"start":{"line":230,"column":4},"end":{"line":230,"column":59}},"84":{"start":{"line":230,"column":34},"end":{"line":230,"column":57}},"85":{"start":{"line":241,"column":4},"end":{"line":262,"column":7}},"86":{"start":{"line":242,"column":23},"end":{"line":242,"column":34}},"87":{"start":{"line":244,"column":8},"end":{"line":247,"column":9}},"88":{"start":{"line":245,"column":12},"end":{"line":245,"column":54}},"89":{"start":{"line":246,"column":12},"end":{"line":246,"column":19}},"90":{"start":{"line":250,"column":8},"end":{"line":256,"column":11}},"91":{"start":{"line":251,"column":12},"end":{"line":255,"column":13}},"92":{"start":{"line":252,"column":16},"end":{"line":252,"column":26}},"93":{"start":{"line":254,"column":16},"end":{"line":254,"column":77}},"94":{"start":{"line":259,"column":8},"end":{"line":261,"column":24}},"95":{"start":{"line":260,"column":12},"end":{"line":260,"column":45}},"96":{"start":{"line":269,"column":4},"end":{"line":269,"column":21}},"97":{"start":{"line":276,"column":43},"end":{"line":276,"column":47}},"98":{"start":{"line":282,"column":18},"end":{"line":282,"column":28}},"99":{"start":{"line":283,"column":4},"end":{"line":285,"column":5}},"100":{"start":{"line":284,"column":8},"end":{"line":284,"column":51}},"101":{"start":{"line":287,"column":21},"end":{"line":294,"column":6}},"102":{"start":{"line":296,"column":4},"end":{"line":298,"column":5}},"103":{"start":{"line":297,"column":8},"end":{"line":297,"column":75}},"104":{"start":{"line":305,"column":4},"end":{"line":307,"column":5}},"105":{"start":{"line":306,"column":8},"end":{"line":306,"column":15}},"106":{"start":{"line":309,"column":4},"end":{"line":309,"column":56}},"107":{"start":{"line":311,"column":4},"end":{"line":318,"column":26}},"108":{"start":{"line":312,"column":8},"end":{"line":317,"column":9}},"109":{"start":{"line":313,"column":12},"end":{"line":313,"column":68}},"110":{"start":{"line":314,"column":12},"end":{"line":316,"column":15}},"111":{"start":{"line":315,"column":16},"end":{"line":315,"column":61}},"112":{"start":{"line":325,"column":4},"end":{"line":325,"column":27}},"113":{"start":{"line":337,"column":19},"end":{"line":337,"column":30}},"114":{"start":{"line":338,"column":4},"end":{"line":338,"column":44}},"115":{"start":{"line":341,"column":4},"end":{"line":343,"column":6}},"116":{"start":{"line":342,"column":8},"end":{"line":342,"column":49}},"117":{"start":{"line":351,"column":19},"end":{"line":351,"column":30}},"118":{"start":{"line":352,"column":4},"end":{"line":352,"column":49}},"119":{"start":{"line":355,"column":4},"end":{"line":357,"column":6}},"120":{"start":{"line":356,"column":8},"end":{"line":356,"column":54}},"121":{"start":{"line":364,"column":19},"end":{"line":364,"column":30}},"122":{"start":{"line":365,"column":4},"end":{"line":369,"column":5}},"123":{"start":{"line":366,"column":8},"end":{"line":366,"column":36}},"124":{"start":{"line":368,"column":8},"end":{"line":368,"column":26}},"125":{"start":{"line":376,"column":0},"end":{"line":385,"column":2}}},"fnMap":{"0":{"name":"getToken","decl":{"start":{"line":50,"column":9},"end":{"line":50,"column":17}},"loc":{"start":{"line":50,"column":17},"end":{"line":52,"column":1}}},"1":{"name":"initializeSocket","decl":{"start":{"line":57,"column":16},"end":{"line":57,"column":32}},"loc":{"start":{"line":57,"column":32},"end":{"line":136,"column":1}}},"2":{"name":"(anonymous_2)","decl":{"start":{"line":81,"column":25},"end":{"line":81,"column":28}},"loc":{"start":{"line":81,"column":30},"end":{"line":93,"column":5}}},"3":{"name":"(anonymous_3)","decl":{"start":{"line":95,"column":28},"end":{"line":95,"column":29}},"loc":{"start":{"line":95,"column":39},"end":{"line":106,"column":5}}},"4":{"name":"(anonymous_4)","decl":{"start":{"line":108,"column":27},"end":{"line":108,"column":28}},"loc":{"start":{"line":108,"column":45},"end":{"line":114,"column":5}}},"5":{"name":"(anonymous_5)","decl":{"start":{"line":116,"column":35},"end":{"line":116,"column":36}},"loc":{"start":{"line":116,"column":53},"end":{"line":118,"column":5}}},"6":{"name":"(anonymous_6)","decl":{"start":{"line":120,"column":33},"end":{"line":120,"column":34}},"loc":{"start":{"line":120,"column":43},"end":{"line":122,"column":5}}},"7":{"name":"(anonymous_7)","decl":{"start":{"line":124,"column":34},"end":{"line":124,"column":37}},"loc":{"start":{"line":124,"column":39},"end":{"line":129,"column":5}}},"8":{"name":"(anonymous_8)","decl":{"start":{"line":131,"column":23},"end":{"line":131,"column":24}},"loc":{"start":{"line":131,"column":33},"end":{"line":133,"column":5}}},"9":{"name":"getSocket","decl":{"start":{"line":141,"column":16},"end":{"line":141,"column":25}},"loc":{"start":{"line":141,"column":25},"end":{"line":146,"column":1}}},"10":{"name":"disconnectSocket","decl":{"start":{"line":151,"column":16},"end":{"line":151,"column":32}},"loc":{"start":{"line":151,"column":32},"end":{"line":162,"column":1}}},"11":{"name":"addToQueue","decl":{"start":{"line":174,"column":9},"end":{"line":174,"column":19}},"loc":{"start":{"line":174,"column":38},"end":{"line":182,"column":1}}},"12":{"name":"processQueue","decl":{"start":{"line":187,"column":15},"end":{"line":187,"column":27}},"loc":{"start":{"line":187,"column":27},"end":{"line":224,"column":1}}},"13":{"name":"sleep","decl":{"start":{"line":229,"column":9},"end":{"line":229,"column":14}},"loc":{"start":{"line":229,"column":25},"end":{"line":231,"column":1}}},"14":{"name":"(anonymous_14)","decl":{"start":{"line":230,"column":23},"end":{"line":230,"column":30}},"loc":{"start":{"line":230,"column":34},"end":{"line":230,"column":57}}},"15":{"name":"sendLocationUpdateInternal","decl":{"start":{"line":240,"column":9},"end":{"line":240,"column":35}},"loc":{"start":{"line":240,"column":54},"end":{"line":263,"column":1}}},"16":{"name":"(anonymous_16)","decl":{"start":{"line":241,"column":23},"end":{"line":241,"column":24}},"loc":{"start":{"line":241,"column":43},"end":{"line":262,"column":5}}},"17":{"name":"(anonymous_17)","decl":{"start":{"line":250,"column":45},"end":{"line":250,"column":46}},"loc":{"start":{"line":250,"column":58},"end":{"line":256,"column":9}}},"18":{"name":"(anonymous_18)","decl":{"start":{"line":259,"column":19},"end":{"line":259,"column":22}},"loc":{"start":{"line":259,"column":24},"end":{"line":261,"column":9}}},"19":{"name":"sendLocationUpdate","decl":{"start":{"line":268,"column":16},"end":{"line":268,"column":34}},"loc":{"start":{"line":268,"column":53},"end":{"line":270,"column":1}}},"20":{"name":"fallbackToHTTP","decl":{"start":{"line":281,"column":15},"end":{"line":281,"column":29}},"loc":{"start":{"line":281,"column":48},"end":{"line":299,"column":1}}},"21":{"name":"startFallbackPolling","decl":{"start":{"line":304,"column":9},"end":{"line":304,"column":29}},"loc":{"start":{"line":304,"column":29},"end":{"line":319,"column":1}}},"22":{"name":"(anonymous_22)","decl":{"start":{"line":311,"column":35},"end":{"line":311,"column":38}},"loc":{"start":{"line":311,"column":40},"end":{"line":318,"column":5}}},"23":{"name":"(anonymous_23)","decl":{"start":{"line":314,"column":50},"end":{"line":314,"column":55}},"loc":{"start":{"line":314,"column":58},"end":{"line":316,"column":13}}},"24":{"name":"updateCurrentLocation","decl":{"start":{"line":324,"column":16},"end":{"line":324,"column":37}},"loc":{"start":{"line":324,"column":56},"end":{"line":326,"column":1}}},"25":{"name":"onLocationUpdated","decl":{"start":{"line":336,"column":16},"end":{"line":336,"column":33}},"loc":{"start":{"line":336,"column":63},"end":{"line":344,"column":1}}},"26":{"name":"(anonymous_26)","decl":{"start":{"line":341,"column":11},"end":{"line":341,"column":14}},"loc":{"start":{"line":341,"column":16},"end":{"line":343,"column":5}}},"27":{"name":"onDriverStatusUpdated","decl":{"start":{"line":350,"column":16},"end":{"line":350,"column":37}},"loc":{"start":{"line":350,"column":67},"end":{"line":358,"column":1}}},"28":{"name":"(anonymous_28)","decl":{"start":{"line":355,"column":11},"end":{"line":355,"column":14}},"loc":{"start":{"line":355,"column":16},"end":{"line":357,"column":5}}},"29":{"name":"off","decl":{"start":{"line":363,"column":16},"end":{"line":363,"column":19}},"loc":{"start":{"line":363,"column":70},"end":{"line":370,"column":1}}}},"branchMap":{"0":{"loc":{"start":{"line":58,"column":4},"end":{"line":60,"column":5}},"type":"if","locations":[{"start":{"line":58,"column":4},"end":{"line":60,"column":5}},{"start":{},"end":{}}]},"1":{"loc":{"start":{"line":63,"column":4},"end":{"line":65,"column":5}},"type":"if","locations":[{"start":{"line":63,"column":4},"end":{"line":65,"column":5}},{"start":{},"end":{}}]},"2":{"loc":{"start":{"line":86,"column":8},"end":{"line":89,"column":9}},"type":"if","locations":[{"start":{"line":86,"column":8},"end":{"line":89,"column":9}},{"start":{},"end":{}}]},"3":{"loc":{"start":{"line":99,"column":8},"end":{"line":102,"column":9}},"type":"if","locations":[{"start":{"line":99,"column":8},"end":{"line":102,"column":9}},{"start":{},"end":{}}]},"4":{"loc":{"start":{"line":142,"column":4},"end":{"line":144,"column":5}},"type":"if","locations":[{"start":{"line":142,"column":4},"end":{"line":144,"column":5}},{"start":{},"end":{}}]},"5":{"loc":{"start":{"line":152,"column":4},"end":{"line":156,"column":5}},"type":"if","locations":[{"start":{"line":152,"column":4},"end":{"line":156,"column":5}},{"start":{},"end":{}}]},"6":{"loc":{"start":{"line":158,"column":4},"end":{"line":161,"column":5}},"type":"if","locations":[{"start":{"line":158,"column":4},"end":{"line":161,"column":5}},{"start":{},"end":{}}]},"7":{"loc":{"start":{"line":188,"column":4},"end":{"line":190,"column":5}},"type":"if","locations":[{"start":{"line":188,"column":4},"end":{"line":190,"column":5}},{"start":{},"end":{}}]},"8":{"loc":{"start":{"line":188,"column":8},"end":{"line":188,"column":47}},"type":"binary-expr","locations":[{"start":{"line":188,"column":8},"end":{"line":188,"column":18}},{"start":{"line":188,"column":22},"end":{"line":188,"column":47}}]},"9":{"loc":{"start":{"line":206,"column":12},"end":{"line":219,"column":13}},"type":"if","locations":[{"start":{"line":206,"column":12},"end":{"line":219,"column":13}},{"start":{"line":216,"column":19},"end":{"line":219,"column":13}}]},"10":{"loc":{"start":{"line":244,"column":8},"end":{"line":247,"column":9}},"type":"if","locations":[{"start":{"line":244,"column":8},"end":{"line":247,"column":9}},{"start":{},"end":{}}]},"11":{"loc":{"start":{"line":251,"column":12},"end":{"line":255,"column":13}},"type":"if","locations":[{"start":{"line":251,"column":12},"end":{"line":255,"column":13}},{"start":{"line":253,"column":19},"end":{"line":255,"column":13}}]},"12":{"loc":{"start":{"line":251,"column":16},"end":{"line":251,"column":42}},"type":"binary-expr","locations":[{"start":{"line":251,"column":16},"end":{"line":251,"column":19}},{"start":{"line":251,"column":23},"end":{"line":251,"column":42}}]},"13":{"loc":{"start":{"line":254,"column":33},"end":{"line":254,"column":74}},"type":"binary-expr","locations":[{"start":{"line":254,"column":33},"end":{"line":254,"column":45}},{"start":{"line":254,"column":49},"end":{"line":254,"column":74}}]},"14":{"loc":{"start":{"line":283,"column":4},"end":{"line":285,"column":5}},"type":"if","locations":[{"start":{"line":283,"column":4},"end":{"line":285,"column":5}},{"start":{},"end":{}}]},"15":{"loc":{"start":{"line":296,"column":4},"end":{"line":298,"column":5}},"type":"if","locations":[{"start":{"line":296,"column":4},"end":{"line":298,"column":5}},{"start":{},"end":{}}]},"16":{"loc":{"start":{"line":305,"column":4},"end":{"line":307,"column":5}},"type":"if","locations":[{"start":{"line":305,"column":4},"end":{"line":307,"column":5}},{"start":{},"end":{}}]},"17":{"loc":{"start":{"line":312,"column":8},"end":{"line":317,"column":9}},"type":"if","locations":[{"start":{"line":312,"column":8},"end":{"line":317,"column":9}},{"start":{},"end":{}}]},"18":{"loc":{"start":{"line":312,"column":12},"end":{"line":312,"column":47}},"type":"binary-expr","locations":[{"start":{"line":312,"column":12},"end":{"line":312,"column":28}},{"start":{"line":312,"column":32},"end":{"line":312,"column":47}}]},"19":{"loc":{"start":{"line":365,"column":4},"end":{"line":369,"column":5}},"type":"if","locations":[{"start":{"line":365,"column":4},"end":{"line":369,"column":5}},{"start":{"line":367,"column":11},"end":{"line":369,"column":5}}]}},"s":{"0":1,"1":1,"2":1,"3":1,"4":1,"5":1,"6":1,"7":1,"8":1,"9":1,"10":1,"11":1,"12":1,"13":1,"14":1,"15":1,"16":1,"17":1,"18":0,"19":1,"20":1,"21":0,"22":1,"23":1,"24":0,"25":0,"26":0,"27":0,"28":0,"29":0,"30":1,"31":0,"32":0,"33":0,"34":0,"35":0,"36":1,"37":0,"38":0,"39":0,"40":1,"41":0,"42":1,"43":0,"44":1,"45":0,"46":0,"47":1,"48":0,"49":1,"50":166,"51":1,"52":165,"53":0,"54":0,"55":0,"56":0,"57":0,"58":0,"59":0,"60":1,"61":1,"62":0,"63":0,"64":0,"65":0,"66":0,"67":0,"68":0,"69":0,"70":0,"71":0,"72":0,"73":0,"74":0,"75":0,"76":0,"77":0,"78":0,"79":0,"80":0,"81":0,"82":0,"83":0,"84":0,"85":0,"86":0,"87":0,"88":0,"89":0,"90":0,"91":0,"92":0,"93":0,"94":0,"95":0,"96":0,"97":1,"98":0,"99":0,"100":0,"101":0,"102":0,"103":0,"104":0,"105":0,"106":0,"107":0,"108":0,"109":0,"110":0,"111":0,"112":0,"113":159,"114":159,"115":159,"116":159,"117":7,"118":7,"119":7,"120":5,"121":0,"122":0,"123":0,"124":0,"125":1},"f":{"0":1,"1":1,"2":0,"3":0,"4":0,"5":0,"6":0,"7":0,"8":0,"9":166,"10":0,"11":0,"12":0,"13":0,"14":0,"15":0,"16":0,"17":0,"18":0,"19":0,"20":0,"21":0,"22":0,"23":0,"24":0,"25":159,"26":159,"27":7,"28":5,"29":0},"b":{"0":[0,1],"1":[0,1],"2":[0,0],"3":[0,0],"4":[1,165],"5":[0,0],"6":[0,0],"7":[0,0],"8":[0,0],"9":[0,0],"10":[0,0],"11":[0,0],"12":[0,0],"13":[0,0],"14":[0,0],"15":[0,0],"16":[0,0],"17":[0,0],"18":[0,0],"19":[0,0]}}
}
