TN:
SF:src\services\socketService.ts
FN:50,getToken
FN:57,initializeSocket
FN:81,(anonymous_2)
FN:95,(anonymous_3)
FN:108,(anonymous_4)
FN:116,(anonymous_5)
FN:120,(anonymous_6)
FN:124,(anonymous_7)
FN:131,(anonymous_8)
FN:141,getSocket
FN:151,disconnectSocket
FN:174,addToQueue
FN:187,processQueue
FN:229,sleep
FN:230,(anonymous_14)
FN:240,sendLocationUpdateInternal
FN:241,(anonymous_16)
FN:250,(anonymous_17)
FN:259,(anonymous_18)
FN:268,sendLocationUpdate
FN:281,fallbackToHTTP
FN:304,startFallbackPolling
FN:311,(anonymous_22)
FN:314,(anonymous_23)
FN:324,updateCurrentLocation
FN:336,onLocationUpdated
FN:341,(anonymous_26)
FN:350,onDriverStatusUpdated
FN:355,(anonymous_28)
FN:363,off
FNF:30
FNH:7
FNDA:1,getToken
FNDA:1,initializeSocket
FNDA:0,(anonymous_2)
FNDA:0,(anonymous_3)
FNDA:0,(anonymous_4)
FNDA:0,(anonymous_5)
FNDA:0,(anonymous_6)
FNDA:0,(anonymous_7)
FNDA:0,(anonymous_8)
FNDA:166,getSocket
FNDA:0,disconnectSocket
FNDA:0,addToQueue
FNDA:0,processQueue
FNDA:0,sleep
FNDA:0,(anonymous_14)
FNDA:0,sendLocationUpdateInternal
FNDA:0,(anonymous_16)
FNDA:0,(anonymous_17)
FNDA:0,(anonymous_18)
FNDA:0,sendLocationUpdate
FNDA:0,fallbackToHTTP
FNDA:0,startFallbackPolling
FNDA:0,(anonymous_22)
FNDA:0,(anonymous_23)
FNDA:0,updateCurrentLocation
FNDA:159,onLocationUpdated
FNDA:159,(anonymous_26)
FNDA:7,onDriverStatusUpdated
FNDA:5,(anonymous_28)
FNDA:0,off
DA:10,1
DA:34,1
DA:35,1
DA:36,1
DA:37,1
DA:43,1
DA:44,1
DA:45,1
DA:51,1
DA:57,1
DA:58,1
DA:59,0
DA:62,1
DA:63,1
DA:64,0
DA:67,1
DA:81,1
DA:82,0
DA:83,0
DA:86,0
DA:87,0
DA:88,0
DA:92,0
DA:95,1
DA:96,0
DA:97,0
DA:99,0
DA:101,0
DA:105,0
DA:108,1
DA:109,0
DA:110,0
DA:113,0
DA:116,1
DA:117,0
DA:120,1
DA:121,0
DA:124,1
DA:125,0
DA:128,0
DA:131,1
DA:132,0
DA:135,1
DA:141,1
DA:142,166
DA:143,1
DA:145,165
DA:151,1
DA:152,0
DA:153,0
DA:154,0
DA:155,0
DA:158,0
DA:159,0
DA:160,0
DA:168,1
DA:169,1
DA:175,0
DA:181,0
DA:188,0
DA:189,0
DA:192,0
DA:194,0
DA:195,0
DA:197,0
DA:198,0
DA:200,0
DA:202,0
DA:204,0
DA:206,0
DA:207,0
DA:208,0
DA:209,0
DA:210,0
DA:212,0
DA:214,0
DA:218,0
DA:223,0
DA:230,0
DA:241,0
DA:242,0
DA:244,0
DA:245,0
DA:246,0
DA:250,0
DA:251,0
DA:252,0
DA:254,0
DA:259,0
DA:260,0
DA:268,1
DA:269,0
DA:276,1
DA:282,0
DA:283,0
DA:284,0
DA:287,0
DA:296,0
DA:297,0
DA:305,0
DA:306,0
DA:309,0
DA:311,0
DA:312,0
DA:313,0
DA:314,0
DA:315,0
DA:324,1
DA:325,0
DA:336,1
DA:337,159
DA:338,159
DA:341,159
DA:342,159
DA:350,1
DA:351,7
DA:352,7
DA:355,7
DA:356,5
DA:363,1
DA:364,0
DA:365,0
DA:366,0
DA:368,0
DA:376,1
LF:125
LH:44
BRDA:58,0,0,0
BRDA:58,0,1,1
BRDA:63,1,0,0
BRDA:63,1,1,1
BRDA:86,2,0,0
BRDA:86,2,1,0
BRDA:99,3,0,0
BRDA:99,3,1,0
BRDA:142,4,0,1
BRDA:142,4,1,165
BRDA:152,5,0,0
BRDA:152,5,1,0
BRDA:158,6,0,0
BRDA:158,6,1,0
BRDA:188,7,0,0
BRDA:188,7,1,0
BRDA:188,8,0,0
BRDA:188,8,1,0
BRDA:206,9,0,0
BRDA:206,9,1,0
BRDA:244,10,0,0
BRDA:244,10,1,0
BRDA:251,11,0,0
BRDA:251,11,1,0
BRDA:251,12,0,0
BRDA:251,12,1,0
BRDA:254,13,0,0
BRDA:254,13,1,0
BRDA:283,14,0,0
BRDA:283,14,1,0
BRDA:296,15,0,0
BRDA:296,15,1,0
BRDA:305,16,0,0
BRDA:305,16,1,0
BRDA:312,17,0,0
BRDA:312,17,1,0
BRDA:312,18,0,0
BRDA:312,18,1,0
BRDA:365,19,0,0
BRDA:365,19,1,0
BRF:40
BRH:4
end_of_record
